<?xml version="1.0" encoding="UTF-8"?>
<testsuite name="test_send_product_tests.TestSendProduct-20230428221013" tests="4" file="test_send_product_tests.py" time="0.410" timestamp="2023-04-28T22:10:14" failures="0" errors="0" skipped="0">
	<testcase classname="test_send_product_tests.TestSendProduct" name="test_get_vaccine_date_no_ok_data_manipulated" time="0.013" timestamp="2023-04-28T22:10:13"/>
	<testcase classname="test_send_product_tests.TestSendProduct" name="test_get_vaccine_date_no_ok_parameter" time="0.377" timestamp="2023-04-28T22:10:14"/>
	<testcase classname="test_send_product_tests.TestSendProduct" name="test_send_product_premium" time="0.010" timestamp="2023-04-28T22:10:14"/>
	<testcase classname="test_send_product_tests.TestSendProduct" name="test_send_product_regular" time="0.011" timestamp="2023-04-28T22:10:14"/>
</testsuite>
